

Microchip Technology PIC Macro Assembler V1.12 build 49521 
                                                                                                           Thu May 16 13:40:26 2013


     1                           
     2                           	; Microchip MPLAB XC8 C Compiler V1.12
     3                           	; Copyright (C) 1984-2012 HI-TECH Software
     4                           
     5                           	; Auto-generated runtime startup code for final link stage.
     6                           
     7                           	;
     8                           	; Compiler options:
     9                           	;
    10                           	; -o1509.cof -m1509.map --summary=default --output=default main.p1 \
    11                           	; --chip=16F1509 -IC:\Program Files (x86)\Microchip\MPASM Suite \
    12                           	; -ID:\_creatiff\_Projects\pic16f1509\fw -IC:\osa -P --runtime=default \
    13                           	; --opt=default,+asm,-debug,-speed,+space,9 --warn=0 -N255 \
    14                           	; --addrqual=ignore -g --asmlist --errformat=Error   [%n] %f; %l.%c %s \
    15                           	; --msgformat=Advisory[%n] %s --warnformat=Warning [%n] %f; %l.%c %s
    16                           	;
    17                           
    18                           
    19                           	processor	16F1509
    20                           
    21                           	global	_main,start,reset_vec
    22                           	fnroot	_main
    23                           	psect	config,class=CONFIG,delta=2
    24                           	psect	idloc,class=IDLOC,delta=2
    25                           	psect	code,class=CODE,delta=2
    26                           	psect	powerup,class=CODE,delta=2
    27                           	psect	reset_vec,class=CODE,delta=2
    28                           	psect	maintext,class=CODE,delta=2
    29  0000                     	C	set	0
    30  0002                     	Z	set	2
    31  0002                     	PCL	set	2
    32  0000                     	INDF	set	0
    33                           
    34  0003                     	STATUS	equ	3
    35  0008                     	BSR	equ	8
    36  000A                     	PCLATH	equ	0Ah
    37                           
    38                           	; Microchip MPLAB XC8 C Compiler V1.12
    39                           	; Copyright (C) 1984-2012 HI-TECH Software
    40                           
    41                           	; Auto-generated runtime startup code for final link stage.
    42  0000                     intlevel0:
    43  0000                     intlevel1:
    44  0000                     intlevel2:
    45  0000                     intlevel3:
    46  0000                     intlevel4:
    47  0000                     intlevel5:
    48                           
    49                           	; Microchip MPLAB XC8 C Compiler V1.12
    50                           	; Copyright (C) 1984-2012 HI-TECH Software
    51                           
    52                           	; Auto-generated runtime startup code for final link stage.
    53  0000                     	INDF0	set	0
    54  0001                     	INDF1	set	1
    55  0002                     	PCL	set	2
    56  0003                     	STATUS	set	3
    57  0004                     	FSR0L	set	4
    58  0005                     	FSR0H	set	5
    59  0006                     	FSR1L	set	6
    60  0007                     	FSR1H	set	7
    61  0008                     	BSR	set	8
    62  0009                     	WREG	set	9
    63  000A                     	PCLATH	set	10
    64  000B                     	INTCON	set	11
    65                           
    66                           	; Microchip MPLAB XC8 C Compiler V1.12
    67  0000                     reset_vec:
    68                           
    69                           	; Microchip MPLAB XC8 C Compiler V1.12
    70                           	; Copyright (C) 1984-2012 HI-TECH Software
    71                           
    72  0000  3180  284B         	ljmp	start
    73                           
    74                           	; Microchip MPLAB XC8 C Compiler V1.12
    75                           	; Copyright (C) 1984-2012 HI-TECH Software
    76  004B                     start
    77                           
    78                           	; Microchip MPLAB XC8 C Compiler V1.12
    79  004B  3180  284D         	ljmp start_initialization	;jump to C runtime clear & initialization


Microchip Technology PIC Macro Assembler V1.12 build 49521 
Symbol Table                                                                                               Thu May 16 13:40:26 2013

               _main 0060                 start 004B  start_initialization 004D             intlevel0 0000  
           intlevel1 0000             intlevel2 0000             intlevel3 0000             intlevel4 0000  
           intlevel5 0000             reset_vec 0000  
